TN:
SF:api\movies.js
FN:1,Object.<anonymous>.module.exports
FNF:1
FNH:1
FNDA:1,Object.<anonymous>.module.exports
DA:1,1
DA:2,1
DA:3,1
DA:4,1
DA:5,1
DA:6,1
DA:7,1
DA:8,1
DA:9,1
DA:10,1
DA:11,2
DA:12,2
DA:13,2
DA:14,2
DA:15,2
DA:16,1
DA:17,1
DA:18,1
DA:19,1
DA:20,1
DA:21,1
DA:22,1
DA:23,1
DA:24,1
LF:24
LH:24
BRDA:1,0,0,1
BRDA:3,1,0,1
BRDA:5,2,0,0
BRDA:10,3,0,2
BRDA:12,4,0,0
BRDA:17,5,0,1
BRDA:19,6,0,0
BRF:7
BRH:4
end_of_record
TN:
SF:config\database.js
FN:4,connect
FN:12,disconnect
FNF:2
FNH:2
FNDA:5,connect
FNDA:1,disconnect
DA:1,1
DA:2,1
DA:3,1
DA:4,5
DA:5,5
DA:6,5
DA:7,5
DA:8,5
DA:9,5
DA:10,5
DA:11,1
DA:12,1
DA:13,1
DA:14,1
DA:15,1
DA:16,1
DA:17,1
DA:18,1
DA:19,1
DA:20,1
DA:21,1
DA:22,1
DA:23,1
LF:23
LH:23
BRDA:4,0,0,5
BRDA:6,1,0,2
BRDA:12,2,0,1
BRDA:13,3,0,0
BRF:4
BRH:3
end_of_record
TN:
SF:repository\repository.js
FN:7,getAllMovies
FN:12,getMovieById
FN:19,getMoviePremieres
FNF:3
FNH:3
FNDA:2,getAllMovies
FNDA:1,getMovieById
FNDA:1,getMoviePremieres
DA:1,1
DA:2,1
DA:3,1
DA:4,1
DA:5,1
DA:6,1
DA:7,2
DA:8,2
DA:9,2
DA:10,2
DA:11,1
DA:12,1
DA:13,1
DA:14,1
DA:15,1
DA:16,1
DA:17,1
DA:18,1
DA:19,1
DA:20,1
DA:21,1
DA:22,1
DA:23,1
DA:24,1
DA:25,1
DA:26,1
DA:27,1
DA:28,1
DA:29,1
DA:30,1
DA:31,1
DA:32,1
DA:33,1
DA:34,1
DA:35,1
DA:36,1
LF:36
LH:36
BRDA:7,0,0,2
BRDA:12,1,0,1
BRDA:13,2,0,0
BRDA:19,3,0,1
BRF:4
BRH:3
end_of_record
TN:
SF:server\server.js
FN:7,start
FN:31,stop
FNF:2
FNH:2
FNDA:3,start
FNDA:2,stop
DA:1,1
DA:2,1
DA:3,1
DA:4,1
DA:5,1
DA:6,1
DA:7,3
DA:8,3
DA:9,3
DA:10,3
DA:11,3
DA:12,3
DA:13,3
DA:14,1
DA:15,1
DA:16,3
DA:17,3
DA:18,3
DA:19,3
DA:20,0
DA:21,0
DA:22,0
DA:23,3
DA:24,3
DA:25,3
DA:26,3
DA:27,3
DA:28,3
DA:29,3
DA:30,1
DA:31,2
DA:32,2
DA:33,2
DA:34,2
DA:35,2
DA:36,1
DA:37,1
LF:37
LH:34
BRDA:7,0,0,3
BRDA:13,1,0,1
BRDA:24,2,0,3
BRDA:31,3,0,2
BRF:4
BRH:4
end_of_record
